warning: unused import: `crate::server::start`
 --> src/main.rs:1:5
  |
1 | use crate::server::start;
  |     ^^^^^^^^^^^^^^^^^^^^
  |
  = note: `#[warn(unused_imports)]` (part of `#[warn(unused)]`) on by default

warning: unused import: `Position`
 --> src/client/mod.rs:4:89
  |
4 | use ratatui::{DefaultTerminal, Frame, Terminal, layout::{Constraint, Direction, Layout, Position}, prelude::CrosstermBackend...
  |                                                                                         ^^^^^^^^

warning: use of deprecated method `ratatui::Frame::<'_>::set_cursor`: use `set_cursor_position((x, y))` instead which takes `impl Into<Position>`
   --> src/client/mod.rs:183:41
    |
183 |             InputMode::Editing => frame.set_cursor(
    |                                         ^^^^^^^^^^
    |
    = note: `#[warn(deprecated)]` on by default

warning: use of deprecated method `ratatui::Frame::<'_>::size`: use `area()` instead
   --> src/client/mod.rs:220:26
    |
220 |                 .split(f.size());
    |                          ^^^^

warning: variable does not need to be mutable
   --> src/client/mod.rs:288:9
    |
288 |     let mut app = App::new(stream_writer, username.to_string(), rx);
    |         ----^^^
    |         |
    |         help: remove this `mut`
    |
    = note: `#[warn(unused_mut)]` (part of `#[warn(unused)]`) on by default

warning: associated function `from_raw` is never used
  --> src/protocol/message.rs:45:12
   |
25 | impl Message {
   | ------------ associated function in this implementation
...
45 |     pub fn from_raw(
   |            ^^^^^^^^
   |
   = note: `#[warn(dead_code)]` (part of `#[warn(unused)]`) on by default

warning: function `run_tui` is never used
   --> src/client/mod.rs:203:8
    |
203 | pub fn run_tui(app_state: Arc<Mutex<App>>) {
    |        ^^^^^^^

warning: `signed-tcp-chat` (bin "signed-tcp-chat") generated 7 warnings (run `cargo fix --bin "signed-tcp-chat" -p signed-tcp-chat` to apply 3 suggestions)
    Finished `dev` profile [unoptimized + debuginfo] target(s) in 0.07s
     Running `target/debug/signed-tcp-chat client --username owen`
